# JRE version: Java(TM) SE Runtime Environment (8.0_181-b13) (build 1.8.0_181-b13)
# Java VM: Java HotSpot(TM) 64-Bit Server VM (25.181-b13 mixed mode linux-amd64 compressed oops)
Heap:
 PSYoungGen      total 211968K, used 1430K [0x00000000eb600000, 0x00000000f8d80000, 0x0000000100000000)
  eden space 203264K, 0% used [0x00000000eb600000,0x00000000eb600000,0x00000000f7c80000)
  from space 8704K, 16% used [0x00000000f7c80000,0x00000000f7de5888,0x00000000f8500000)
  to   space 8704K, 0% used [0x00000000f8500000,0x00000000f8500000,0x00000000f8d80000)
 ParOldGen       total 42496K, used 23418K [0x00000000c2200000, 0x00000000c4b80000, 0x00000000eb600000)
  object space 42496K, 55% used [0x00000000c2200000,0x00000000c38de9e0,0x00000000c4b80000)
 Metaspace       used 21039K, capacity 21250K, committed 21296K, reserved 1069056K
  class space    used 2540K, capacity 2590K, committed 2608K, reserved 1048576K
GC Heap History (10 events):
Event: 3.361 GC heap after
Heap after GC invocations=6 (full 0):
 PSYoungGen      total 70656K, used 3829K [0x00000000eb600000, 0x00000000f0300000, 0x0000000100000000)
  eden space 63488K, 0% used [0x00000000eb600000,0x00000000eb600000,0x00000000ef400000)
  from space 7168K, 53% used [0x00000000efc00000,0x00000000effbd460,0x00000000f0300000)
  to   space 7680K, 0% used [0x00000000ef400000,0x00000000ef400000,0x00000000efb80000)
 ParOldGen       total 42496K, used 11545K [0x00000000c2200000, 0x00000000c4b80000, 0x00000000eb600000)
  object space 42496K, 27% used [0x00000000c2200000,0x00000000c2d464f0,0x00000000c4b80000)
 Metaspace       used 11386K, capacity 11538K, committed 11776K, reserved 1058816K
  class space    used 1391K, capacity 1435K, committed 1536K, reserved 1048576K
}
Event: 4.163 GC heap before
{Heap before GC invocations=7 (full 0):
 PSYoungGen      total 70656K, used 67317K [0x00000000eb600000, 0x00000000f0300000, 0x0000000100000000)
  eden space 63488K, 100% used [0x00000000eb600000,0x00000000ef400000,0x00000000ef400000)
  from space 7168K, 53% used [0x00000000efc00000,0x00000000effbd460,0x00000000f0300000)
  to   space 7680K, 0% used [0x00000000ef400000,0x00000000ef400000,0x00000000efb80000)
 ParOldGen       total 42496K, used 11545K [0x00000000c2200000, 0x00000000c4b80000, 0x00000000eb600000)
  object space 42496K, 27% used [0x00000000c2200000,0x00000000c2d464f0,0x00000000c4b80000)
 Metaspace       used 15775K, capacity 15914K, committed 16128K, reserved 1062912K
  class space    used 1947K, capacity 1999K, committed 2048K, reserved 1048576K
Event: 4.173 GC heap after
Heap after GC invocations=7 (full 0):
 PSYoungGen      total 71168K, used 4005K [0x00000000eb600000, 0x00000000f4100000, 0x0000000100000000)
  eden space 63488K, 0% used [0x00000000eb600000,0x00000000eb600000,0x00000000ef400000)
  from space 7680K, 52% used [0x00000000ef400000,0x00000000ef7e9620,0x00000000efb80000)
  to   space 7680K, 0% used [0x00000000f3980000,0x00000000f3980000,0x00000000f4100000)
 ParOldGen       total 42496K, used 13826K [0x00000000c2200000, 0x00000000c4b80000, 0x00000000eb600000)
  object space 42496K, 32% used [0x00000000c2200000,0x00000000c2f80aa8,0x00000000c4b80000)
 Metaspace       used 15775K, capacity 15914K, committed 16128K, reserved 1062912K
  class space    used 1947K, capacity 1999K, committed 2048K, reserved 1048576K
}
Event: 4.661 GC heap before
{Heap before GC invocations=8 (full 0):
 PSYoungGen      total 71168K, used 67493K [0x00000000eb600000, 0x00000000f4100000, 0x0000000100000000)
  eden space 63488K, 100% used [0x00000000eb600000,0x00000000ef400000,0x00000000ef400000)
  from space 7680K, 52% used [0x00000000ef400000,0x00000000ef7e9620,0x00000000efb80000)
  to   space 7680K, 0% used [0x00000000f3980000,0x00000000f3980000,0x00000000f4100000)
 ParOldGen       total 42496K, used 13826K [0x00000000c2200000, 0x00000000c4b80000, 0x00000000eb600000)
  object space 42496K, 32% used [0x00000000c2200000,0x00000000c2f80aa8,0x00000000c4b80000)
 Metaspace       used 18212K, capacity 18452K, committed 18688K, reserved 1064960K
  class space    used 2206K, capacity 2289K, committed 2304K, reserved 1048576K
Event: 4.669 GC heap after
Heap after GC invocations=8 (full 0):
 PSYoungGen      total 133632K, used 3968K [0x00000000eb600000, 0x00000000f4000000, 0x0000000100000000)
  eden space 126976K, 0% used [0x00000000eb600000,0x00000000eb600000,0x00000000f3200000)
  from space 6656K, 59% used [0x00000000f3980000,0x00000000f3d601b0,0x00000000f4000000)
  to   space 7168K, 0% used [0x00000000f3200000,0x00000000f3200000,0x00000000f3900000)
 ParOldGen       total 42496K, used 13962K [0x00000000c2200000, 0x00000000c4b80000, 0x00000000eb600000)
  object space 42496K, 32% used [0x00000000c2200000,0x00000000c2fa2aa8,0x00000000c4b80000)
 Metaspace       used 18212K, capacity 18452K, committed 18688K, reserved 1064960K
  class space    used 2206K, capacity 2289K, committed 2304K, reserved 1048576K
}
Event: 6.064 GC heap before
{Heap before GC invocations=9 (full 0):
 PSYoungGen      total 133632K, used 130944K [0x00000000eb600000, 0x00000000f4000000, 0x0000000100000000)
  eden space 126976K, 100% used [0x00000000eb600000,0x00000000f3200000,0x00000000f3200000)
  from space 6656K, 59% used [0x00000000f3980000,0x00000000f3d601b0,0x00000000f4000000)
  to   space 7168K, 0% used [0x00000000f3200000,0x00000000f3200000,0x00000000f3900000)
 ParOldGen       total 42496K, used 13962K [0x00000000c2200000, 0x00000000c4b80000, 0x00000000eb600000)
  object space 42496K, 32% used [0x00000000c2200000,0x00000000c2fa2aa8,0x00000000c4b80000)
 Metaspace       used 19983K, capacity 20248K, committed 20480K, reserved 1067008K
  class space    used 2401K, capacity 2455K, committed 2560K, reserved 1048576K
Event: 6.099 GC heap after
Heap after GC invocations=9 (full 0):
 PSYoungGen      total 134144K, used 7152K [0x00000000eb600000, 0x00000000f8d80000, 0x0000000100000000)
  eden space 126976K, 0% used [0x00000000eb600000,0x00000000eb600000,0x00000000f3200000)
  from space 7168K, 99% used [0x00000000f3200000,0x00000000f38fc020,0x00000000f3900000)
  to   space 8704K, 0% used [0x00000000f8500000,0x00000000f8500000,0x00000000f8d80000)
 ParOldGen       total 42496K, used 15456K [0x00000000c2200000, 0x00000000c4b80000, 0x00000000eb600000)
  object space 42496K, 36% used [0x00000000c2200000,0x00000000c31182e0,0x00000000c4b80000)
 Metaspace       used 19983K, capacity 20248K, committed 20480K, reserved 1067008K
  class space    used 2401K, capacity 2455K, committed 2560K, reserved 1048576K
}
Event: 6.643 GC heap before
{Heap before GC invocations=10 (full 0):
 PSYoungGen      total 134144K, used 134128K [0x00000000eb600000, 0x00000000f8d80000, 0x0000000100000000)
  eden space 126976K, 100% used [0x00000000eb600000,0x00000000f3200000,0x00000000f3200000)
  from space 7168K, 99% used [0x00000000f3200000,0x00000000f38fc020,0x00000000f3900000)
  to   space 8704K, 0% used [0x00000000f8500000,0x00000000f8500000,0x00000000f8d80000)
 ParOldGen       total 42496K, used 15456K [0x00000000c2200000, 0x00000000c4b80000, 0x00000000eb600000)
  object space 42496K, 36% used [0x00000000c2200000,0x00000000c31182e0,0x00000000c4b80000)
 Metaspace       used 20523K, capacity 20708K, committed 20992K, reserved 1067008K
  class space    used 2471K, capacity 2521K, committed 2560K, reserved 1048576K
Event: 6.664 GC heap after
Heap after GC invocations=10 (full 0):
 PSYoungGen      total 211968K, used 6246K [0x00000000eb600000, 0x00000000f8d80000, 0x0000000100000000)
  eden space 203264K, 0% used [0x00000000eb600000,0x00000000eb600000,0x00000000f7c80000)
  from space 8704K, 71% used [0x00000000f8500000,0x00000000f8b19990,0x00000000f8d80000)
  to   space 8704K, 0% used [0x00000000f7c80000,0x00000000f7c80000,0x00000000f8500000)
 ParOldGen       total 42496K, used 17970K [0x00000000c2200000, 0x00000000c4b80000, 0x00000000eb600000)
  object space 42496K, 42% used [0x00000000c2200000,0x00000000c338c9e0,0x00000000c4b80000)
 Metaspace       used 20523K, capacity 20708K, committed 20992K, reserved 1067008K
  class space    used 2471K, capacity 2521K, committed 2560K, reserved 1048576K
}
Event: 8.353 GC heap before
{Heap before GC invocations=11 (full 0):
 PSYoungGen      total 211968K, used 199449K [0x00000000eb600000, 0x00000000f8d80000, 0x0000000100000000)
  eden space 203264K, 95% used [0x00000000eb600000,0x00000000f72acb90,0x00000000f7c80000)
  from space 8704K, 71% used [0x00000000f8500000,0x00000000f8b19990,0x00000000f8d80000)
  to   space 8704K, 0% used [0x00000000f7c80000,0x00000000f7c80000,0x00000000f8500000)
 ParOldGen       total 42496K, used 17970K [0x00000000c2200000, 0x00000000c4b80000, 0x00000000eb600000)
  object space 42496K, 42% used [0x00000000c2200000,0x00000000c338c9e0,0x00000000c4b80000)
 Metaspace       used 21039K, capacity 21250K, committed 21296K, reserved 1069056K
  class space    used 2540K, capacity 2590K, committed 2608K, reserved 1048576K

