# JRE version: Java(TM) SE Runtime Environment (8.0_181-b13) (build 1.8.0_181-b13)
# Java VM: Java HotSpot(TM) 64-Bit Server VM (25.181-b13 mixed mode linux-amd64 compressed oops)
Heap:
 PSYoungGen      total 211968K, used 1418K [0x00000000eb600000, 0x00000000f8e80000, 0x0000000100000000)
  eden space 202752K, 0% used [0x00000000eb600000,0x00000000eb600000,0x00000000f7c00000)
  from space 9216K, 15% used [0x00000000f7c00000,0x00000000f7d629f8,0x00000000f8500000)
  to   space 8704K, 0% used [0x00000000f8500000,0x00000000f8500000,0x00000000f8d80000)
 ParOldGen       total 42496K, used 22568K [0x00000000c2200000, 0x00000000c4b80000, 0x00000000eb600000)
  object space 42496K, 53% used [0x00000000c2200000,0x00000000c380a150,0x00000000c4b80000)
 Metaspace       used 21047K, capacity 21250K, committed 21296K, reserved 1069056K
  class space    used 2541K, capacity 2590K, committed 2608K, reserved 1048576K
GC Heap History (10 events):
Event: 2.232 GC heap after
Heap after GC invocations=6 (full 0):
 PSYoungGen      total 71168K, used 4016K [0x00000000eb600000, 0x00000000f0400000, 0x0000000100000000)
  eden space 63488K, 0% used [0x00000000eb600000,0x00000000eb600000,0x00000000ef400000)
  from space 7680K, 52% used [0x00000000efc80000,0x00000000f006c2f0,0x00000000f0400000)
  to   space 8192K, 0% used [0x00000000ef400000,0x00000000ef400000,0x00000000efc00000)
 ParOldGen       total 42496K, used 11334K [0x00000000c2200000, 0x00000000c4b80000, 0x00000000eb600000)
  object space 42496K, 26% used [0x00000000c2200000,0x00000000c2d11880,0x00000000c4b80000)
 Metaspace       used 11413K, capacity 11602K, committed 11776K, reserved 1058816K
  class space    used 1398K, capacity 1435K, committed 1536K, reserved 1048576K
}
Event: 2.976 GC heap before
{Heap before GC invocations=7 (full 0):
 PSYoungGen      total 71168K, used 67504K [0x00000000eb600000, 0x00000000f0400000, 0x0000000100000000)
  eden space 63488K, 100% used [0x00000000eb600000,0x00000000ef400000,0x00000000ef400000)
  from space 7680K, 52% used [0x00000000efc80000,0x00000000f006c2f0,0x00000000f0400000)
  to   space 8192K, 0% used [0x00000000ef400000,0x00000000ef400000,0x00000000efc00000)
 ParOldGen       total 42496K, used 11334K [0x00000000c2200000, 0x00000000c4b80000, 0x00000000eb600000)
  object space 42496K, 26% used [0x00000000c2200000,0x00000000c2d11880,0x00000000c4b80000)
 Metaspace       used 15264K, capacity 15466K, committed 15616K, reserved 1062912K
  class space    used 1877K, capacity 1935K, committed 2048K, reserved 1048576K
Event: 2.988 GC heap after
Heap after GC invocations=7 (full 0):
 PSYoungGen      total 71680K, used 3961K [0x00000000eb600000, 0x00000000f4100000, 0x0000000100000000)
  eden space 63488K, 0% used [0x00000000eb600000,0x00000000eb600000,0x00000000ef400000)
  from space 8192K, 48% used [0x00000000ef400000,0x00000000ef7de6e8,0x00000000efc00000)
  to   space 7680K, 0% used [0x00000000f3980000,0x00000000f3980000,0x00000000f4100000)
 ParOldGen       total 42496K, used 13697K [0x00000000c2200000, 0x00000000c4b80000, 0x00000000eb600000)
  object space 42496K, 32% used [0x00000000c2200000,0x00000000c2f607e0,0x00000000c4b80000)
 Metaspace       used 15264K, capacity 15466K, committed 15616K, reserved 1062912K
  class space    used 1877K, capacity 1935K, committed 2048K, reserved 1048576K
}
Event: 3.570 GC heap before
{Heap before GC invocations=8 (full 0):
 PSYoungGen      total 71680K, used 67449K [0x00000000eb600000, 0x00000000f4100000, 0x0000000100000000)
  eden space 63488K, 100% used [0x00000000eb600000,0x00000000ef400000,0x00000000ef400000)
  from space 8192K, 48% used [0x00000000ef400000,0x00000000ef7de6e8,0x00000000efc00000)
  to   space 7680K, 0% used [0x00000000f3980000,0x00000000f3980000,0x00000000f4100000)
 ParOldGen       total 42496K, used 13697K [0x00000000c2200000, 0x00000000c4b80000, 0x00000000eb600000)
  object space 42496K, 32% used [0x00000000c2200000,0x00000000c2f607e0,0x00000000c4b80000)
 Metaspace       used 18140K, capacity 18356K, committed 18432K, reserved 1064960K
  class space    used 2200K, capacity 2257K, committed 2304K, reserved 1048576K
Event: 3.582 GC heap after
Heap after GC invocations=8 (full 0):
 PSYoungGen      total 134656K, used 4068K [0x00000000eb600000, 0x00000000f4100000, 0x0000000100000000)
  eden space 126976K, 0% used [0x00000000eb600000,0x00000000eb600000,0x00000000f3200000)
  from space 7680K, 52% used [0x00000000f3980000,0x00000000f3d790d8,0x00000000f4100000)
  to   space 7680K, 0% used [0x00000000f3200000,0x00000000f3200000,0x00000000f3980000)
 ParOldGen       total 42496K, used 13785K [0x00000000c2200000, 0x00000000c4b80000, 0x00000000eb600000)
  object space 42496K, 32% used [0x00000000c2200000,0x00000000c2f767e0,0x00000000c4b80000)
 Metaspace       used 18140K, capacity 18356K, committed 18432K, reserved 1064960K
  class space    used 2200K, capacity 2257K, committed 2304K, reserved 1048576K
}
Event: 4.886 GC heap before
{Heap before GC invocations=9 (full 0):
 PSYoungGen      total 134656K, used 131044K [0x00000000eb600000, 0x00000000f4100000, 0x0000000100000000)
  eden space 126976K, 100% used [0x00000000eb600000,0x00000000f3200000,0x00000000f3200000)
  from space 7680K, 52% used [0x00000000f3980000,0x00000000f3d790d8,0x00000000f4100000)
  to   space 7680K, 0% used [0x00000000f3200000,0x00000000f3200000,0x00000000f3980000)
 ParOldGen       total 42496K, used 13785K [0x00000000c2200000, 0x00000000c4b80000, 0x00000000eb600000)
  object space 42496K, 32% used [0x00000000c2200000,0x00000000c2f767e0,0x00000000c4b80000)
 Metaspace       used 19986K, capacity 20248K, committed 20480K, reserved 1067008K
  class space    used 2402K, capacity 2455K, committed 2560K, reserved 1048576K
Event: 4.923 GC heap after
Heap after GC invocations=9 (full 0):
 PSYoungGen      total 134656K, used 7663K [0x00000000eb600000, 0x00000000f8d80000, 0x0000000100000000)
  eden space 126976K, 0% used [0x00000000eb600000,0x00000000eb600000,0x00000000f3200000)
  from space 7680K, 99% used [0x00000000f3200000,0x00000000f397bef8,0x00000000f3980000)
  to   space 8704K, 0% used [0x00000000f8500000,0x00000000f8500000,0x00000000f8d80000)
 ParOldGen       total 42496K, used 14682K [0x00000000c2200000, 0x00000000c4b80000, 0x00000000eb600000)
  object space 42496K, 34% used [0x00000000c2200000,0x00000000c30568c8,0x00000000c4b80000)
 Metaspace       used 19986K, capacity 20248K, committed 20480K, reserved 1067008K
  class space    used 2402K, capacity 2455K, committed 2560K, reserved 1048576K
}
Event: 5.458 GC heap before
{Heap before GC invocations=10 (full 0):
 PSYoungGen      total 134656K, used 134639K [0x00000000eb600000, 0x00000000f8d80000, 0x0000000100000000)
  eden space 126976K, 100% used [0x00000000eb600000,0x00000000f3200000,0x00000000f3200000)
  from space 7680K, 99% used [0x00000000f3200000,0x00000000f397bef8,0x00000000f3980000)
  to   space 8704K, 0% used [0x00000000f8500000,0x00000000f8500000,0x00000000f8d80000)
 ParOldGen       total 42496K, used 14682K [0x00000000c2200000, 0x00000000c4b80000, 0x00000000eb600000)
  object space 42496K, 34% used [0x00000000c2200000,0x00000000c30568c8,0x00000000c4b80000)
 Metaspace       used 20523K, capacity 20708K, committed 20992K, reserved 1067008K
  class space    used 2472K, capacity 2521K, committed 2560K, reserved 1048576K
Event: 5.498 GC heap after
Heap after GC invocations=10 (full 0):
 PSYoungGen      total 211456K, used 6214K [0x00000000eb600000, 0x00000000f8e80000, 0x0000000100000000)
  eden space 202752K, 0% used [0x00000000eb600000,0x00000000eb600000,0x00000000f7c00000)
  from space 8704K, 71% used [0x00000000f8500000,0x00000000f8b11990,0x00000000f8d80000)
  to   space 9216K, 0% used [0x00000000f7c00000,0x00000000f7c00000,0x00000000f8500000)
 ParOldGen       total 42496K, used 17120K [0x00000000c2200000, 0x00000000c4b80000, 0x00000000eb600000)
  object space 42496K, 40% used [0x00000000c2200000,0x00000000c32b8130,0x00000000c4b80000)
 Metaspace       used 20523K, capacity 20708K, committed 20992K, reserved 1067008K
  class space    used 2472K, capacity 2521K, committed 2560K, reserved 1048576K
}
Event: 6.118 GC heap before
{Heap before GC invocations=11 (full 0):
 PSYoungGen      total 211456K, used 199287K [0x00000000eb600000, 0x00000000f8e80000, 0x0000000100000000)
  eden space 202752K, 95% used [0x00000000eb600000,0x00000000f728c328,0x00000000f7c00000)
  from space 8704K, 71% used [0x00000000f8500000,0x00000000f8b11990,0x00000000f8d80000)
  to   space 9216K, 0% used [0x00000000f7c00000,0x00000000f7c00000,0x00000000f8500000)
 ParOldGen       total 42496K, used 17120K [0x00000000c2200000, 0x00000000c4b80000, 0x00000000eb600000)
  object space 42496K, 40% used [0x00000000c2200000,0x00000000c32b8130,0x00000000c4b80000)
 Metaspace       used 21047K, capacity 21250K, committed 21296K, reserved 1069056K
  class space    used 2541K, capacity 2590K, committed 2608K, reserved 1048576K

